<?xml version="1.0" encoding="UTF-8"?>
<testng-results skipped="0" failed="0" total="1" passed="1">
  <reporter-output>
  </reporter-output>
  <suite name="Failed suite [Default suite]" duration-ms="12728" started-at="2021-05-04T21:58:31Z" finished-at="2021-05-04T21:58:44Z">
    <groups>
    </groups>
    <test name="Default test(failed)" duration-ms="12728" started-at="2021-05-04T21:58:31Z" finished-at="2021-05-04T21:58:44Z">
      <class name="tests.GMTest">
        <test-method status="PASS" signature="beforeTest()[pri:0, instance:tests.GMTest@62ee68d8]" name="beforeTest" is-config="true" duration-ms="1510" started-at="2021-05-04T17:58:31Z" finished-at="2021-05-04T17:58:32Z">
          <reporter-output>
          </reporter-output>
        </test-method> <!-- beforeTest -->
        <test-method status="PASS" signature="GMTest()[pri:0, instance:tests.GMTest@62ee68d8]" name="GMTest" duration-ms="11206" started-at="2021-05-04T17:58:32Z" finished-at="2021-05-04T17:58:44Z">
          <reporter-output>
          </reporter-output>
        </test-method> <!-- GMTest -->
        <test-method status="PASS" signature="afterTest()[pri:0, instance:tests.GMTest@62ee68d8]" name="afterTest" is-config="true" duration-ms="0" started-at="2021-05-04T17:58:44Z" finished-at="2021-05-04T17:58:44Z">
          <reporter-output>
          </reporter-output>
        </test-method> <!-- afterTest -->
      </class> <!-- tests.GMTest -->
    </test> <!-- Default test(failed) -->
  </suite> <!-- Failed suite [Default suite] -->
</testng-results>
